{"numFailedTestSuites":0,"numFailedTests":0,"numPassedTestSuites":4,"numPassedTests":13,"numPendingTestSuites":0,"numPendingTests":0,"numRuntimeErrorTestSuites":0,"numTodoTests":0,"numTotalTestSuites":4,"numTotalTests":13,"openHandles":[],"snapshot":{"added":0,"didUpdate":false,"failure":false,"filesAdded":0,"filesRemoved":0,"filesRemovedList":[],"filesUnmatched":0,"filesUpdated":0,"matched":0,"total":0,"unchecked":0,"uncheckedKeysByFile":[],"unmatched":0,"updated":0},"startTime":1756140985663,"success":true,"testResults":[{"assertionResults":[{"ancestorTitles":["IntegrationController"],"duration":4,"failureDetails":[],"failureMessages":[],"fullName":"IntegrationController status() delegates to UnitService.checkStatus","invocations":1,"location":null,"numPassingAsserts":2,"retryReasons":[],"status":"passed","title":"status() delegates to UnitService.checkStatus"},{"ancestorTitles":["IntegrationController"],"duration":2,"failureDetails":[],"failureMessages":[],"fullName":"IntegrationController createApplicationForm() returns id and token on success","invocations":1,"location":null,"numPassingAsserts":2,"retryReasons":[],"status":"passed","title":"createApplicationForm() returns id and token on success"},{"ancestorTitles":["IntegrationController"],"duration":1,"failureDetails":[],"failureMessages":[],"fullName":"IntegrationController createApplicationForm() throws HttpException on service error","invocations":1,"location":null,"numPassingAsserts":1,"retryReasons":[],"status":"passed","title":"createApplicationForm() throws HttpException on service error"}],"endTime":1756140991114,"message":"","name":"D:\\projects\\unitco-payment-integration\\src\\integration\\integration.controller.spec.ts","startTime":1756140986008,"status":"passed","summary":""},{"assertionResults":[{"ancestorTitles":["UnitService.createApplicationForm"],"duration":2,"failureDetails":[],"failureMessages":[],"fullName":"UnitService.createApplicationForm creates application form and returns id+token","invocations":1,"location":null,"numPassingAsserts":7,"retryReasons":[],"status":"passed","title":"creates application form and returns id+token"},{"ancestorTitles":["UnitService.createApplicationForm"],"duration":12,"failureDetails":[],"failureMessages":[],"fullName":"UnitService.createApplicationForm throws on non-ok response","invocations":1,"location":null,"numPassingAsserts":1,"retryReasons":[],"status":"passed","title":"throws on non-ok response"},{"ancestorTitles":["UnitService.createApplicationForm"],"duration":1,"failureDetails":[],"failureMessages":[],"fullName":"UnitService.createApplicationForm throws when no API key is configured","invocations":1,"location":null,"numPassingAsserts":1,"retryReasons":[],"status":"passed","title":"throws when no API key is configured"}],"endTime":1756140991430,"message":"","name":"D:\\projects\\unitco-payment-integration\\src\\integration\\unit.service.spec.ts","startTime":1756140991123,"status":"passed","summary":""},{"assertionResults":[{"ancestorTitles":["BankService"],"duration":11,"failureDetails":[],"failureMessages":[],"fullName":"BankService should be defined","invocations":1,"location":null,"numPassingAsserts":1,"retryReasons":[],"status":"passed","title":"should be defined"},{"ancestorTitles":["BankService","addAchBankAccount"],"duration":4,"failureDetails":[],"failureMessages":[],"fullName":"BankService addAchBankAccount should successfully add a valid ACH bank account","invocations":1,"location":null,"numPassingAsserts":11,"retryReasons":[],"status":"passed","title":"should successfully add a valid ACH bank account"},{"ancestorTitles":["BankService","addAchBankAccount"],"duration":7,"failureDetails":[],"failureMessages":[],"fullName":"BankService addAchBankAccount should reject invalid routing number","invocations":1,"location":null,"numPassingAsserts":1,"retryReasons":[],"status":"passed","title":"should reject invalid routing number"},{"ancestorTitles":["BankService","addAchBankAccount"],"duration":2,"failureDetails":[],"failureMessages":[],"fullName":"BankService addAchBankAccount should reject invalid account number","invocations":1,"location":null,"numPassingAsserts":1,"retryReasons":[],"status":"passed","title":"should reject invalid account number"},{"ancestorTitles":["BankService","addAchBankAccount"],"duration":2,"failureDetails":[],"failureMessages":[],"fullName":"BankService addAchBankAccount should handle Unit API failures gracefully","invocations":1,"location":null,"numPassingAsserts":1,"retryReasons":[],"status":"passed","title":"should handle Unit API failures gracefully"},{"ancestorTitles":["BankService","getBankAccounts"],"duration":2,"failureDetails":[],"failureMessages":[],"fullName":"BankService getBankAccounts should return bank accounts for a user","invocations":1,"location":null,"numPassingAsserts":4,"retryReasons":[],"status":"passed","title":"should return bank accounts for a user"}],"endTime":1756140991709,"message":"","name":"D:\\projects\\unitco-payment-integration\\src\\bank\\bank.service.spec.ts","startTime":1756140991435,"status":"passed","summary":""},{"assertionResults":[{"ancestorTitles":["AppController","root"],"duration":4,"failureDetails":[],"failureMessages":[],"fullName":"AppController root should return \"Hello World!\"","invocations":1,"location":null,"numPassingAsserts":1,"retryReasons":[],"status":"passed","title":"should return \"Hello World!\""}],"endTime":1756140991852,"message":"","name":"D:\\projects\\unitco-payment-integration\\src\\app.controller.spec.ts","startTime":1756140991716,"status":"passed","summary":""}],"wasInterrupted":false}
