{"numFailedTestSuites":1,"numFailedTests":1,"numPassedTestSuites":3,"numPassedTests":12,"numPendingTestSuites":0,"numPendingTests":0,"numRuntimeErrorTestSuites":0,"numTodoTests":0,"numTotalTestSuites":4,"numTotalTests":13,"openHandles":[],"snapshot":{"added":0,"didUpdate":false,"failure":false,"filesAdded":0,"filesRemoved":0,"filesRemovedList":[],"filesUnmatched":0,"filesUpdated":0,"matched":0,"total":0,"unchecked":0,"uncheckedKeysByFile":[],"unmatched":0,"updated":0},"startTime":1756064468008,"success":false,"testResults":[{"assertionResults":[{"ancestorTitles":["AppController","root"],"duration":17,"failureDetails":[],"failureMessages":[],"fullName":"AppController root should return \"Hello World!\"","invocations":1,"location":null,"numPassingAsserts":1,"retryReasons":[],"status":"passed","title":"should return \"Hello World!\""}],"endTime":1756064476161,"message":"","name":"D:\\projects\\unitco-payment-integration\\src\\app.controller.spec.ts","startTime":1756064468909,"status":"passed","summary":""},{"assertionResults":[{"ancestorTitles":["UnitService.createApplicationForm"],"duration":19,"failureDetails":[],"failureMessages":[],"fullName":"UnitService.createApplicationForm creates application form and returns id+token","invocations":1,"location":null,"numPassingAsserts":7,"retryReasons":[],"status":"passed","title":"creates application form and returns id+token"},{"ancestorTitles":["UnitService.createApplicationForm"],"duration":15,"failureDetails":[],"failureMessages":[],"fullName":"UnitService.createApplicationForm throws on non-ok response","invocations":1,"location":null,"numPassingAsserts":1,"retryReasons":[],"status":"passed","title":"throws on non-ok response"},{"ancestorTitles":["UnitService.createApplicationForm"],"duration":0,"failureDetails":[],"failureMessages":[],"fullName":"UnitService.createApplicationForm throws when no API key is configured","invocations":1,"location":null,"numPassingAsserts":1,"retryReasons":[],"status":"passed","title":"throws when no API key is configured"}],"endTime":1756064476805,"message":"","name":"D:\\projects\\unitco-payment-integration\\src\\integration\\unit.service.spec.ts","startTime":1756064468911,"status":"passed","summary":""},{"assertionResults":[{"ancestorTitles":["IntegrationController"],"duration":7,"failureDetails":[],"failureMessages":[],"fullName":"IntegrationController status() delegates to UnitService.checkStatus","invocations":1,"location":null,"numPassingAsserts":2,"retryReasons":[],"status":"passed","title":"status() delegates to UnitService.checkStatus"},{"ancestorTitles":["IntegrationController"],"duration":2,"failureDetails":[],"failureMessages":[],"fullName":"IntegrationController createApplicationForm() returns id and token on success","invocations":1,"location":null,"numPassingAsserts":2,"retryReasons":[],"status":"passed","title":"createApplicationForm() returns id and token on success"},{"ancestorTitles":["IntegrationController"],"duration":2,"failureDetails":[],"failureMessages":[],"fullName":"IntegrationController createApplicationForm() throws HttpException on service error","invocations":1,"location":null,"numPassingAsserts":1,"retryReasons":[],"status":"passed","title":"createApplicationForm() throws HttpException on service error"}],"endTime":1756064476825,"message":"","name":"D:\\projects\\unitco-payment-integration\\src\\integration\\integration.controller.spec.ts","startTime":1756064468912,"status":"passed","summary":""},{"assertionResults":[{"ancestorTitles":["BankService"],"duration":23,"failureDetails":[],"failureMessages":[],"fullName":"BankService should be defined","invocations":1,"location":null,"numPassingAsserts":1,"retryReasons":[],"status":"passed","title":"should be defined"},{"ancestorTitles":["BankService","addAchBankAccount"],"duration":3,"failureDetails":[{"response":{"message":"UNIT_COUNTERPARTY_REJECTED","error":"Unprocessable Entity","statusCode":422},"status":422,"options":{},"message":"UNIT_COUNTERPARTY_REJECTED","name":"UnprocessableEntityException"}],"failureMessages":["UnprocessableEntityException: UNIT_COUNTERPARTY_REJECTED\n    at BankService.addAchBankAccount (D:\\projects\\unitco-payment-integration\\src\\bank\\bank.service.ts:98:13)\n    at processTicksAndRejections (node:internal/process/task_queues:105:5)\n    at Object.<anonymous> (D:\\projects\\unitco-payment-integration\\src\\bank\\bank.service.spec.ts:140:22)"],"fullName":"BankService addAchBankAccount should successfully add a valid ACH bank account","invocations":1,"location":null,"numPassingAsserts":0,"retryReasons":[],"status":"failed","title":"should successfully add a valid ACH bank account"},{"ancestorTitles":["BankService","addAchBankAccount"],"duration":5,"failureDetails":[],"failureMessages":[],"fullName":"BankService addAchBankAccount should reject invalid routing number","invocations":1,"location":null,"numPassingAsserts":1,"retryReasons":[],"status":"passed","title":"should reject invalid routing number"},{"ancestorTitles":["BankService","addAchBankAccount"],"duration":2,"failureDetails":[],"failureMessages":[],"fullName":"BankService addAchBankAccount should reject invalid account number","invocations":1,"location":null,"numPassingAsserts":1,"retryReasons":[],"status":"passed","title":"should reject invalid account number"},{"ancestorTitles":["BankService","addAchBankAccount"],"duration":2,"failureDetails":[],"failureMessages":[],"fullName":"BankService addAchBankAccount should handle Unit API failures gracefully","invocations":1,"location":null,"numPassingAsserts":1,"retryReasons":[],"status":"passed","title":"should handle Unit API failures gracefully"},{"ancestorTitles":["BankService","getBankAccounts"],"duration":2,"failureDetails":[],"failureMessages":[],"fullName":"BankService getBankAccounts should return bank accounts for a user","invocations":1,"location":null,"numPassingAsserts":4,"retryReasons":[],"status":"passed","title":"should return bank accounts for a user"}],"endTime":1756064476898,"message":"\u001b[1m\u001b[31m  \u001b[1m● \u001b[22m\u001b[1mBankService › addAchBankAccount › should successfully add a valid ACH bank account\u001b[39m\u001b[22m\n\n    UnprocessableEntityException: UNIT_COUNTERPARTY_REJECTED\n\u001b[2m\u001b[22m\n\u001b[2m    \u001b[0m \u001b[90m  96 |\u001b[39m         userId\u001b[33m,\u001b[39m\u001b[22m\n\u001b[2m     \u001b[90m  97 |\u001b[39m       )\u001b[33m;\u001b[39m\u001b[22m\n\u001b[2m    \u001b[31m\u001b[1m>\u001b[22m\u001b[2m\u001b[39m\u001b[90m  98 |\u001b[39m       \u001b[36mthrow\u001b[39m \u001b[36mnew\u001b[39m \u001b[33mUnprocessableEntityException\u001b[39m(\u001b[32m'UNIT_COUNTERPARTY_REJECTED'\u001b[39m)\u001b[33m;\u001b[39m\u001b[22m\n\u001b[2m     \u001b[90m     |\u001b[39m             \u001b[31m\u001b[1m^\u001b[22m\u001b[2m\u001b[39m\u001b[22m\n\u001b[2m     \u001b[90m  99 |\u001b[39m     }\u001b[22m\n\u001b[2m     \u001b[90m 100 |\u001b[39m\u001b[22m\n\u001b[2m     \u001b[90m 101 |\u001b[39m     \u001b[36mreturn\u001b[39m \u001b[36mthis\u001b[39m\u001b[33m.\u001b[39mtoBankAccountView(bankAccount)\u001b[33m;\u001b[39m\u001b[0m\u001b[22m\n\u001b[2m\u001b[22m\n\u001b[2m      \u001b[2mat BankService.addAchBankAccount (\u001b[22m\u001b[2mbank/bank.service.ts\u001b[2m:98:13)\u001b[22m\u001b[2m\u001b[22m\n\u001b[2m      \u001b[2mat Object.<anonymous> (\u001b[22m\u001b[2m\u001b[0m\u001b[36mbank/bank.service.spec.ts\u001b[39m\u001b[0m\u001b[2m:140:22)\u001b[22m\u001b[2m\u001b[22m\n","name":"D:\\projects\\unitco-payment-integration\\src\\bank\\bank.service.spec.ts","startTime":1756064468909,"status":"failed","summary":""}],"wasInterrupted":false}
